{
  "stats": {
    "suites": 1,
    "tests": 1,
    "passes": 0,
    "pending": 0,
    "failures": 1,
    "start": "2022-06-27T14:01:04.105Z",
    "end": "2022-06-27T14:01:04.573Z",
    "duration": 468,
    "testsRegistered": 14,
    "passPercent": 0,
    "pendingPercent": 0,
    "other": 0,
    "hasOther": false,
    "skipped": 10,
    "hasSkipped": true
  },
  "results": [
    {
      "uuid": "89c2c44c-8046-441b-87f5-91825760409e",
      "title": "",
      "fullFile": "cypress\\integration\\examples\\allSpecs.js",
      "file": "cypress\\integration\\examples\\allSpecs.js",
      "beforeHooks": [],
      "afterHooks": [],
      "tests": [],
      "suites": [
        {
          "uuid": "b294c513-402d-4fb8-b459-a430205e247c",
          "title": "Test Cases for Login Page",
          "fullFile": "",
          "file": "",
          "beforeHooks": [],
          "afterHooks": [],
          "tests": [
            {
              "title": "Vist the URL",
              "fullTitle": "Test Cases for Login Page Vist the URL",
              "timedOut": null,
              "duration": 375,
              "state": "failed",
              "speed": null,
              "pass": false,
              "fail": true,
              "pending": false,
              "context": null,
              "code": "abc.visit();",
              "err": {
                "message": "TypeError: Cannot read properties of undefined (reading 'native')\n\nBecause this error occurred during a `before each` hook we are skipping all of the remaining tests.",
                "estack": "TypeError: Cannot read properties of undefined (reading 'native')\n\nBecause this error occurred during a `before each` hook we are skipping all of the remaining tests.\n    at Object.eval (http://localhost:4005/__cypress/tests?p=cypress\\support\\e2e.js:10005:24)\n    at Object../node_modules/cypress-mochawesome-reporter/node_modules/fs-extra/lib/fs/index.js (http://localhost:4005/__cypress/tests?p=cypress\\support\\e2e.js:10014:30)\n    at __webpack_require__ (http://localhost:4005/__cypress/tests?p=cypress\\support\\e2e.js:20:30)\n    at Object../node_modules/cypress-mochawesome-reporter/node_modules/fs-extra/lib/index.js (http://localhost:4005/__cypress/tests?p=cypress\\support\\e2e.js:10030:6)\n    at __webpack_require__ (http://localhost:4005/__cypress/tests?p=cypress\\support\\e2e.js:20:30)\n    at Object.eval (http://localhost:4005/__cypress/tests?p=cypress\\support\\e2e.js:8845:60)\n    at Object../node_modules/cypress-mochawesome-reporter/lib/index.js (http://localhost:4005/__cypress/tests?p=cypress\\support\\e2e.js:8889:30)\n    at __webpack_require__ (http://localhost:4005/__cypress/tests?p=cypress\\support\\e2e.js:20:30)\n    at Context.eval (http://localhost:4005/__cypress/tests?p=cypress\\support\\e2e.js:8172:7)",
                "diff": null
              },
              "uuid": "4fa21d60-c44d-4abd-8560-7d5756c44e5e",
              "parentUUID": "b294c513-402d-4fb8-b459-a430205e247c",
              "isHook": false,
              "skipped": false
            },
            {
              "title": "Verify the Heading of Login Page",
              "fullTitle": "Test Cases for Login Page Verify the Heading of Login Page",
              "timedOut": null,
              "duration": 0,
              "state": "skipped",
              "speed": null,
              "pass": false,
              "fail": false,
              "pending": false,
              "context": null,
              "code": "abc.verifySignInHeading();",
              "err": {},
              "uuid": "330a1d55-0a8b-4f46-a866-f8dcef5a8f4a",
              "parentUUID": "b294c513-402d-4fb8-b459-a430205e247c",
              "isHook": false,
              "skipped": true
            },
            {
              "title": "Verify the URL of Login Page",
              "fullTitle": "Test Cases for Login Page Verify the URL of Login Page",
              "timedOut": null,
              "duration": 0,
              "state": "skipped",
              "speed": null,
              "pass": false,
              "fail": false,
              "pending": false,
              "context": null,
              "code": "abc.verifyURL();",
              "err": {},
              "uuid": "70818135-a4db-4bb2-9f06-24000edb36de",
              "parentUUID": "b294c513-402d-4fb8-b459-a430205e247c",
              "isHook": false,
              "skipped": true
            },
            {
              "title": "Enter the email address",
              "fullTitle": "Test Cases for Login Page Enter the email address",
              "timedOut": null,
              "duration": 0,
              "state": "skipped",
              "speed": null,
              "pass": false,
              "fail": false,
              "pending": false,
              "context": null,
              "code": "abc.enterEmailAddress();",
              "err": {},
              "uuid": "ffdf514e-1cca-4345-8dfb-f746aba20b96",
              "parentUUID": "b294c513-402d-4fb8-b459-a430205e247c",
              "isHook": false,
              "skipped": true
            },
            {
              "title": "Enter the Password",
              "fullTitle": "Test Cases for Login Page Enter the Password",
              "timedOut": null,
              "duration": 0,
              "state": "skipped",
              "speed": null,
              "pass": false,
              "fail": false,
              "pending": false,
              "context": null,
              "code": "abc.enterPassword();",
              "err": {},
              "uuid": "9acfcbf4-e3de-401c-8001-22f84d498030",
              "parentUUID": "b294c513-402d-4fb8-b459-a430205e247c",
              "isHook": false,
              "skipped": true
            },
            {
              "title": "Click on Login Button",
              "fullTitle": "Test Cases for Login Page Click on Login Button",
              "timedOut": null,
              "duration": 0,
              "state": "skipped",
              "speed": null,
              "pass": false,
              "fail": false,
              "pending": false,
              "context": null,
              "code": "abc.clickCTA();",
              "err": {},
              "uuid": "199d3c1a-6026-4825-b2ca-9a9e48aa8741",
              "parentUUID": "b294c513-402d-4fb8-b459-a430205e247c",
              "isHook": false,
              "skipped": true
            }
          ],
          "suites": [],
          "passes": [],
          "failures": [
            "4fa21d60-c44d-4abd-8560-7d5756c44e5e"
          ],
          "pending": [],
          "skipped": [
            "330a1d55-0a8b-4f46-a866-f8dcef5a8f4a",
            "70818135-a4db-4bb2-9f06-24000edb36de",
            "ffdf514e-1cca-4345-8dfb-f746aba20b96",
            "9acfcbf4-e3de-401c-8001-22f84d498030",
            "199d3c1a-6026-4825-b2ca-9a9e48aa8741"
          ],
          "duration": 375,
          "root": false,
          "rootEmpty": false,
          "_timeout": 2000
        },
        {
          "uuid": "e3554665-2166-4d6a-8d01-7d7bf45dec81",
          "title": "Test Cases after the user is Logged-In",
          "fullFile": "",
          "file": "",
          "beforeHooks": [],
          "afterHooks": [],
          "tests": [
            {
              "title": "Select value from School Drop Down",
              "fullTitle": "Test Cases after the user is Logged-In Select value from School Drop Down",
              "timedOut": null,
              "duration": 0,
              "state": "skipped",
              "speed": null,
              "pass": false,
              "fail": false,
              "pending": false,
              "context": null,
              "code": "home.schoolDropDown('F', ' FCA ', '#mat-input-2', '#mat-autocomplete-0', '.mat-option-text');",
              "err": {},
              "uuid": "6954ff1a-2662-43a9-ac4b-5b3482e6f9a8",
              "parentUUID": null,
              "isHook": false,
              "skipped": true
            },
            {
              "title": "Check the Manual Intervention Checkbox",
              "fullTitle": "Test Cases after the user is Logged-In Check the Manual Intervention Checkbox",
              "timedOut": null,
              "duration": 0,
              "state": "skipped",
              "speed": null,
              "pass": false,
              "fail": false,
              "pending": true,
              "context": null,
              "code": "",
              "err": {},
              "uuid": "7c21c98b-f0fd-4a85-a67a-27f5ce297a34",
              "parentUUID": null,
              "isHook": false,
              "skipped": false
            },
            {
              "title": "Uncheck the Manual Intervention Checkbox",
              "fullTitle": "Test Cases after the user is Logged-In Uncheck the Manual Intervention Checkbox",
              "timedOut": null,
              "duration": 0,
              "state": "skipped",
              "speed": null,
              "pass": false,
              "fail": false,
              "pending": true,
              "context": null,
              "code": "",
              "err": {},
              "uuid": "9460e271-a6cf-4adf-b257-b01dd8ccd1ab",
              "parentUUID": null,
              "isHook": false,
              "skipped": false
            }
          ],
          "suites": [],
          "passes": [],
          "failures": [],
          "pending": [
            "7c21c98b-f0fd-4a85-a67a-27f5ce297a34",
            "9460e271-a6cf-4adf-b257-b01dd8ccd1ab"
          ],
          "skipped": [
            "6954ff1a-2662-43a9-ac4b-5b3482e6f9a8"
          ],
          "duration": 0,
          "root": false,
          "rootEmpty": false,
          "_timeout": 2000
        },
        {
          "uuid": "d59551f8-cc3c-4a8a-90f9-f93f451b41eb",
          "title": "Adding a Refund Request",
          "fullFile": "",
          "file": "",
          "beforeHooks": [],
          "afterHooks": [],
          "tests": [
            {
              "title": "Click on Add Request button",
              "fullTitle": "Adding a Refund Request Click on Add Request button",
              "timedOut": null,
              "duration": 0,
              "state": "skipped",
              "speed": null,
              "pass": false,
              "fail": false,
              "pending": false,
              "context": null,
              "code": "home.addRequest();",
              "err": {},
              "uuid": "7cb73c9f-c60f-4d1b-83df-bad187560bd6",
              "parentUUID": null,
              "isHook": false,
              "skipped": true
            },
            {
              "title": "Vist the URL",
              "fullTitle": "Adding a Refund Request Vist the URL",
              "timedOut": null,
              "duration": 0,
              "state": "skipped",
              "speed": null,
              "pass": false,
              "fail": false,
              "pending": true,
              "context": null,
              "code": "",
              "err": {},
              "uuid": "45e9b80e-f044-4759-a99d-e8af9eb2d61f",
              "parentUUID": null,
              "isHook": false,
              "skipped": false
            },
            {
              "title": "Verify the URL of Refund Screen",
              "fullTitle": "Adding a Refund Request Verify the URL of Refund Screen",
              "timedOut": null,
              "duration": 0,
              "state": "skipped",
              "speed": null,
              "pass": false,
              "fail": false,
              "pending": false,
              "context": null,
              "code": "home.verifyRefundURL();",
              "err": {},
              "uuid": "10ab62e8-7109-4e50-ae1c-00463c850e83",
              "parentUUID": null,
              "isHook": false,
              "skipped": true
            },
            {
              "title": "Select value from account drop down",
              "fullTitle": "Adding a Refund Request Select value from account drop down",
              "timedOut": null,
              "duration": 0,
              "state": "skipped",
              "speed": null,
              "pass": false,
              "fail": false,
              "pending": false,
              "context": null,
              "code": "home.schoolDropDown('t', ' test first test last ', '#mat-input-4', '#mat-option-12', '.mat-option-text');",
              "err": {},
              "uuid": "fe9c0a65-0284-4950-a76f-bac0c0b63930",
              "parentUUID": null,
              "isHook": false,
              "skipped": true
            },
            {
              "title": "Enter the Refund Amount",
              "fullTitle": "Adding a Refund Request Enter the Refund Amount",
              "timedOut": null,
              "duration": 0,
              "state": "skipped",
              "speed": null,
              "pass": false,
              "fail": false,
              "pending": false,
              "context": null,
              "code": "home.enterRefundAmount();",
              "err": {},
              "uuid": "e197d08e-66b1-43e9-8ede-dbd07f5950f8",
              "parentUUID": null,
              "isHook": false,
              "skipped": true
            }
          ],
          "suites": [],
          "passes": [],
          "failures": [],
          "pending": [
            "45e9b80e-f044-4759-a99d-e8af9eb2d61f"
          ],
          "skipped": [
            "7cb73c9f-c60f-4d1b-83df-bad187560bd6",
            "10ab62e8-7109-4e50-ae1c-00463c850e83",
            "fe9c0a65-0284-4950-a76f-bac0c0b63930",
            "e197d08e-66b1-43e9-8ede-dbd07f5950f8"
          ],
          "duration": 0,
          "root": false,
          "rootEmpty": false,
          "_timeout": 2000
        }
      ],
      "passes": [],
      "failures": [],
      "pending": [],
      "skipped": [],
      "duration": 0,
      "root": true,
      "rootEmpty": true,
      "_timeout": 2000
    }
  ],
  "meta": {
    "mocha": {
      "version": "7.0.1"
    },
    "mochawesome": {
      "options": {
        "quiet": false,
        "reportFilename": "mochawesome",
        "saveHtml": false,
        "saveJson": true,
        "consoleReporter": "spec",
        "useInlineDiffs": false,
        "code": true
      },
      "version": "7.1.3"
    },
    "marge": {
      "options": {
        "id": "default",
        "reportDir": "cypress\\reports\\.jsons",
        "charts": true,
        "reportPageTitle": "My Test Suite",
        "embeddedScreenshots": true,
        "inlineAssets": true,
        "overwrite": false,
        "html": false,
        "json": true
      },
      "version": "6.2.0"
    }
  }
}